2016-07-21 01:02:23 Notice: Notice (8): Use of undefined constant HTTP_HOST - assumed 'HTTP_HOST' in [C:\xampp\htdocs\navauto2\src\Template\Articles\view.ctp, line 32]
Request URL: /articles/view/10
Referer URL: http://navauto2.local/articles/add-image-to-article/10
Client IP: 127.0.0.1
Trace:
Cake\Error\BaseErrorHandler::handleError() - CORE\src\Error\BaseErrorHandler.php, line 146
include - APP/Template\Articles\view.ctp, line 32
Cake\View\View::_evaluate() - CORE\src\View\View.php, line 995
Cake\View\View::_render() - CORE\src\View\View.php, line 955
Cake\View\View::render() - CORE\src\View\View.php, line 587
Cake\Controller\Controller::render() - CORE\src\Controller\Controller.php, line 611
Cake\Routing\Dispatcher::_invoke() - CORE\src\Routing\Dispatcher.php, line 120
Cake\Routing\Dispatcher::dispatch() - CORE\src\Routing\Dispatcher.php, line 87
[main] - ROOT\webroot\index.php, line 37



2016-07-21 01:02:23 Notice: Notice (8): Use of undefined constant REQUEST_URI - assumed 'REQUEST_URI' in [C:\xampp\htdocs\navauto2\src\Template\Articles\view.ctp, line 32]
Request URL: /articles/view/10
Referer URL: http://navauto2.local/articles/add-image-to-article/10
Client IP: 127.0.0.1
Trace:
Cake\Error\BaseErrorHandler::handleError() - CORE\src\Error\BaseErrorHandler.php, line 146
include - APP/Template\Articles\view.ctp, line 32
Cake\View\View::_evaluate() - CORE\src\View\View.php, line 995
Cake\View\View::_render() - CORE\src\View\View.php, line 955
Cake\View\View::render() - CORE\src\View\View.php, line 587
Cake\Controller\Controller::render() - CORE\src\Controller\Controller.php, line 611
Cake\Routing\Dispatcher::_invoke() - CORE\src\Routing\Dispatcher.php, line 120
Cake\Routing\Dispatcher::dispatch() - CORE\src\Routing\Dispatcher.php, line 87
[main] - ROOT\webroot\index.php, line 37



2016-07-21 01:10:36 Notice: Notice (8): Use of undefined constant HTTP_HOST - assumed 'HTTP_HOST' in [C:\xampp\htdocs\navauto2\src\Template\Articles\view.ctp, line 32]
Request URL: /articles/view/10
Referer URL: http://navauto2.local/
Client IP: 127.0.0.1
Trace:
Cake\Error\BaseErrorHandler::handleError() - CORE\src\Error\BaseErrorHandler.php, line 146
include - APP/Template\Articles\view.ctp, line 32
Cake\View\View::_evaluate() - CORE\src\View\View.php, line 995
Cake\View\View::_render() - CORE\src\View\View.php, line 955
Cake\View\View::render() - CORE\src\View\View.php, line 587
Cake\Controller\Controller::render() - CORE\src\Controller\Controller.php, line 611
Cake\Routing\Dispatcher::_invoke() - CORE\src\Routing\Dispatcher.php, line 120
Cake\Routing\Dispatcher::dispatch() - CORE\src\Routing\Dispatcher.php, line 87
[main] - ROOT\webroot\index.php, line 37



2016-07-21 01:10:36 Notice: Notice (8): Use of undefined constant REQUEST_URI - assumed 'REQUEST_URI' in [C:\xampp\htdocs\navauto2\src\Template\Articles\view.ctp, line 32]
Request URL: /articles/view/10
Referer URL: http://navauto2.local/
Client IP: 127.0.0.1
Trace:
Cake\Error\BaseErrorHandler::handleError() - CORE\src\Error\BaseErrorHandler.php, line 146
include - APP/Template\Articles\view.ctp, line 32
Cake\View\View::_evaluate() - CORE\src\View\View.php, line 995
Cake\View\View::_render() - CORE\src\View\View.php, line 955
Cake\View\View::render() - CORE\src\View\View.php, line 587
Cake\Controller\Controller::render() - CORE\src\Controller\Controller.php, line 611
Cake\Routing\Dispatcher::_invoke() - CORE\src\Routing\Dispatcher.php, line 120
Cake\Routing\Dispatcher::dispatch() - CORE\src\Routing\Dispatcher.php, line 87
[main] - ROOT\webroot\index.php, line 37



2016-07-21 01:14:45 Notice: Notice (8): Use of undefined constant HTTP_HOST - assumed 'HTTP_HOST' in [C:\xampp\htdocs\navauto2\src\Template\Articles\view.ctp, line 32]
Request URL: /articles/view/10
Referer URL: http://navauto2.local/articles/get-articles-by-category/4
Client IP: 127.0.0.1
Trace:
Cake\Error\BaseErrorHandler::handleError() - CORE\src\Error\BaseErrorHandler.php, line 146
include - APP/Template\Articles\view.ctp, line 32
Cake\View\View::_evaluate() - CORE\src\View\View.php, line 995
Cake\View\View::_render() - CORE\src\View\View.php, line 955
Cake\View\View::render() - CORE\src\View\View.php, line 587
Cake\Controller\Controller::render() - CORE\src\Controller\Controller.php, line 611
Cake\Routing\Dispatcher::_invoke() - CORE\src\Routing\Dispatcher.php, line 120
Cake\Routing\Dispatcher::dispatch() - CORE\src\Routing\Dispatcher.php, line 87
[main] - ROOT\webroot\index.php, line 37



2016-07-21 01:14:45 Notice: Notice (8): Use of undefined constant REQUEST_URI - assumed 'REQUEST_URI' in [C:\xampp\htdocs\navauto2\src\Template\Articles\view.ctp, line 32]
Request URL: /articles/view/10
Referer URL: http://navauto2.local/articles/get-articles-by-category/4
Client IP: 127.0.0.1
Trace:
Cake\Error\BaseErrorHandler::handleError() - CORE\src\Error\BaseErrorHandler.php, line 146
include - APP/Template\Articles\view.ctp, line 32
Cake\View\View::_evaluate() - CORE\src\View\View.php, line 995
Cake\View\View::_render() - CORE\src\View\View.php, line 955
Cake\View\View::render() - CORE\src\View\View.php, line 587
Cake\Controller\Controller::render() - CORE\src\Controller\Controller.php, line 611
Cake\Routing\Dispatcher::_invoke() - CORE\src\Routing\Dispatcher.php, line 120
Cake\Routing\Dispatcher::dispatch() - CORE\src\Routing\Dispatcher.php, line 87
[main] - ROOT\webroot\index.php, line 37



2016-07-21 01:18:01 Notice: Notice (8): Use of undefined constant HTTP_HOST - assumed 'HTTP_HOST' in [C:\xampp\htdocs\navauto2\src\Template\Articles\view.ctp, line 32]
Request URL: /articles/view/11
Referer URL: http://navauto2.local/articles/add-image-to-article/11
Client IP: 127.0.0.1
Trace:
Cake\Error\BaseErrorHandler::handleError() - CORE\src\Error\BaseErrorHandler.php, line 146
include - APP/Template\Articles\view.ctp, line 32
Cake\View\View::_evaluate() - CORE\src\View\View.php, line 995
Cake\View\View::_render() - CORE\src\View\View.php, line 955
Cake\View\View::render() - CORE\src\View\View.php, line 587
Cake\Controller\Controller::render() - CORE\src\Controller\Controller.php, line 611
Cake\Routing\Dispatcher::_invoke() - CORE\src\Routing\Dispatcher.php, line 120
Cake\Routing\Dispatcher::dispatch() - CORE\src\Routing\Dispatcher.php, line 87
[main] - ROOT\webroot\index.php, line 37



2016-07-21 01:18:01 Notice: Notice (8): Use of undefined constant REQUEST_URI - assumed 'REQUEST_URI' in [C:\xampp\htdocs\navauto2\src\Template\Articles\view.ctp, line 32]
Request URL: /articles/view/11
Referer URL: http://navauto2.local/articles/add-image-to-article/11
Client IP: 127.0.0.1
Trace:
Cake\Error\BaseErrorHandler::handleError() - CORE\src\Error\BaseErrorHandler.php, line 146
include - APP/Template\Articles\view.ctp, line 32
Cake\View\View::_evaluate() - CORE\src\View\View.php, line 995
Cake\View\View::_render() - CORE\src\View\View.php, line 955
Cake\View\View::render() - CORE\src\View\View.php, line 587
Cake\Controller\Controller::render() - CORE\src\Controller\Controller.php, line 611
Cake\Routing\Dispatcher::_invoke() - CORE\src\Routing\Dispatcher.php, line 120
Cake\Routing\Dispatcher::dispatch() - CORE\src\Routing\Dispatcher.php, line 87
[main] - ROOT\webroot\index.php, line 37



2016-07-24 14:59:27 Notice: Notice (8): Use of undefined constant HTTP_HOST - assumed 'HTTP_HOST' in [C:\xampp\htdocs\navauto2\src\Template\Products\view.ctp, line 32]
Request URL: /products/view/11
Referer URL: http://navauto2.local/products/get-products-by-category/4
Client IP: 127.0.0.1
Trace:
Cake\Error\BaseErrorHandler::handleError() - CORE\src\Error\BaseErrorHandler.php, line 146
include - APP/Template\Products\view.ctp, line 32
Cake\View\View::_evaluate() - CORE\src\View\View.php, line 995
Cake\View\View::_render() - CORE\src\View\View.php, line 955
Cake\View\View::render() - CORE\src\View\View.php, line 587
Cake\Controller\Controller::render() - CORE\src\Controller\Controller.php, line 611
Cake\Routing\Dispatcher::_invoke() - CORE\src\Routing\Dispatcher.php, line 120
Cake\Routing\Dispatcher::dispatch() - CORE\src\Routing\Dispatcher.php, line 87
[main] - ROOT\webroot\index.php, line 37



2016-07-24 14:59:27 Notice: Notice (8): Use of undefined constant REQUEST_URI - assumed 'REQUEST_URI' in [C:\xampp\htdocs\navauto2\src\Template\Products\view.ctp, line 32]
Request URL: /products/view/11
Referer URL: http://navauto2.local/products/get-products-by-category/4
Client IP: 127.0.0.1
Trace:
Cake\Error\BaseErrorHandler::handleError() - CORE\src\Error\BaseErrorHandler.php, line 146
include - APP/Template\Products\view.ctp, line 32
Cake\View\View::_evaluate() - CORE\src\View\View.php, line 995
Cake\View\View::_render() - CORE\src\View\View.php, line 955
Cake\View\View::render() - CORE\src\View\View.php, line 587
Cake\Controller\Controller::render() - CORE\src\Controller\Controller.php, line 611
Cake\Routing\Dispatcher::_invoke() - CORE\src\Routing\Dispatcher.php, line 120
Cake\Routing\Dispatcher::dispatch() - CORE\src\Routing\Dispatcher.php, line 87
[main] - ROOT\webroot\index.php, line 37



2016-07-24 15:21:34 Notice: Notice (8): Use of undefined constant HTTP_HOST - assumed 'HTTP_HOST' in [C:\xampp\htdocs\navauto2\src\Template\Products\view.ctp, line 32]
Request URL: /products/view/11
Referer URL: http://navauto2.local/products/search
Client IP: 127.0.0.1
Trace:
Cake\Error\BaseErrorHandler::handleError() - CORE\src\Error\BaseErrorHandler.php, line 146
include - APP/Template\Products\view.ctp, line 32
Cake\View\View::_evaluate() - CORE\src\View\View.php, line 995
Cake\View\View::_render() - CORE\src\View\View.php, line 955
Cake\View\View::render() - CORE\src\View\View.php, line 587
Cake\Controller\Controller::render() - CORE\src\Controller\Controller.php, line 611
Cake\Routing\Dispatcher::_invoke() - CORE\src\Routing\Dispatcher.php, line 120
Cake\Routing\Dispatcher::dispatch() - CORE\src\Routing\Dispatcher.php, line 87
[main] - ROOT\webroot\index.php, line 37



2016-07-24 15:21:34 Notice: Notice (8): Use of undefined constant REQUEST_URI - assumed 'REQUEST_URI' in [C:\xampp\htdocs\navauto2\src\Template\Products\view.ctp, line 32]
Request URL: /products/view/11
Referer URL: http://navauto2.local/products/search
Client IP: 127.0.0.1
Trace:
Cake\Error\BaseErrorHandler::handleError() - CORE\src\Error\BaseErrorHandler.php, line 146
include - APP/Template\Products\view.ctp, line 32
Cake\View\View::_evaluate() - CORE\src\View\View.php, line 995
Cake\View\View::_render() - CORE\src\View\View.php, line 955
Cake\View\View::render() - CORE\src\View\View.php, line 587
Cake\Controller\Controller::render() - CORE\src\Controller\Controller.php, line 611
Cake\Routing\Dispatcher::_invoke() - CORE\src\Routing\Dispatcher.php, line 120
Cake\Routing\Dispatcher::dispatch() - CORE\src\Routing\Dispatcher.php, line 87
[main] - ROOT\webroot\index.php, line 37



2016-07-24 17:18:29 Notice: Notice (8): Use of undefined constant HTTP_HOST - assumed 'HTTP_HOST' in [C:\xampp\htdocs\navauto2\src\Template\Products\view.ctp, line 32]
Request URL: /products/view/11
Referer URL: http://navauto2.local/
Client IP: 127.0.0.1
Trace:
Cake\Error\BaseErrorHandler::handleError() - CORE\src\Error\BaseErrorHandler.php, line 146
include - APP/Template\Products\view.ctp, line 32
Cake\View\View::_evaluate() - CORE\src\View\View.php, line 995
Cake\View\View::_render() - CORE\src\View\View.php, line 955
Cake\View\View::render() - CORE\src\View\View.php, line 587
Cake\Controller\Controller::render() - CORE\src\Controller\Controller.php, line 611
Cake\Routing\Dispatcher::_invoke() - CORE\src\Routing\Dispatcher.php, line 120
Cake\Routing\Dispatcher::dispatch() - CORE\src\Routing\Dispatcher.php, line 87
[main] - ROOT\webroot\index.php, line 37



2016-07-24 17:18:29 Notice: Notice (8): Use of undefined constant REQUEST_URI - assumed 'REQUEST_URI' in [C:\xampp\htdocs\navauto2\src\Template\Products\view.ctp, line 32]
Request URL: /products/view/11
Referer URL: http://navauto2.local/
Client IP: 127.0.0.1
Trace:
Cake\Error\BaseErrorHandler::handleError() - CORE\src\Error\BaseErrorHandler.php, line 146
include - APP/Template\Products\view.ctp, line 32
Cake\View\View::_evaluate() - CORE\src\View\View.php, line 995
Cake\View\View::_render() - CORE\src\View\View.php, line 955
Cake\View\View::render() - CORE\src\View\View.php, line 587
Cake\Controller\Controller::render() - CORE\src\Controller\Controller.php, line 611
Cake\Routing\Dispatcher::_invoke() - CORE\src\Routing\Dispatcher.php, line 120
Cake\Routing\Dispatcher::dispatch() - CORE\src\Routing\Dispatcher.php, line 87
[main] - ROOT\webroot\index.php, line 37



2016-07-24 17:18:58 Notice: Notice (8): Use of undefined constant HTTP_HOST - assumed 'HTTP_HOST' in [C:\xampp\htdocs\navauto2\src\Template\Products\view.ctp, line 32]
Request URL: /products/view/11
Referer URL: http://navauto2.local/
Client IP: 127.0.0.1
Trace:
Cake\Error\BaseErrorHandler::handleError() - CORE\src\Error\BaseErrorHandler.php, line 146
include - APP/Template\Products\view.ctp, line 32
Cake\View\View::_evaluate() - CORE\src\View\View.php, line 995
Cake\View\View::_render() - CORE\src\View\View.php, line 955
Cake\View\View::render() - CORE\src\View\View.php, line 587
Cake\Controller\Controller::render() - CORE\src\Controller\Controller.php, line 611
Cake\Routing\Dispatcher::_invoke() - CORE\src\Routing\Dispatcher.php, line 120
Cake\Routing\Dispatcher::dispatch() - CORE\src\Routing\Dispatcher.php, line 87
[main] - ROOT\webroot\index.php, line 37



2016-07-24 17:18:58 Notice: Notice (8): Use of undefined constant REQUEST_URI - assumed 'REQUEST_URI' in [C:\xampp\htdocs\navauto2\src\Template\Products\view.ctp, line 32]
Request URL: /products/view/11
Referer URL: http://navauto2.local/
Client IP: 127.0.0.1
Trace:
Cake\Error\BaseErrorHandler::handleError() - CORE\src\Error\BaseErrorHandler.php, line 146
include - APP/Template\Products\view.ctp, line 32
Cake\View\View::_evaluate() - CORE\src\View\View.php, line 995
Cake\View\View::_render() - CORE\src\View\View.php, line 955
Cake\View\View::render() - CORE\src\View\View.php, line 587
Cake\Controller\Controller::render() - CORE\src\Controller\Controller.php, line 611
Cake\Routing\Dispatcher::_invoke() - CORE\src\Routing\Dispatcher.php, line 120
Cake\Routing\Dispatcher::dispatch() - CORE\src\Routing\Dispatcher.php, line 87
[main] - ROOT\webroot\index.php, line 37



2016-07-24 17:19:23 Notice: Notice (8): Use of undefined constant HTTP_HOST - assumed 'HTTP_HOST' in [C:\xampp\htdocs\navauto2\src\Template\Products\view.ctp, line 32]
Request URL: /products/view/11
Referer URL: http://navauto2.local/
Client IP: 127.0.0.1
Trace:
Cake\Error\BaseErrorHandler::handleError() - CORE\src\Error\BaseErrorHandler.php, line 146
include - APP/Template\Products\view.ctp, line 32
Cake\View\View::_evaluate() - CORE\src\View\View.php, line 995
Cake\View\View::_render() - CORE\src\View\View.php, line 955
Cake\View\View::render() - CORE\src\View\View.php, line 587
Cake\Controller\Controller::render() - CORE\src\Controller\Controller.php, line 611
Cake\Routing\Dispatcher::_invoke() - CORE\src\Routing\Dispatcher.php, line 120
Cake\Routing\Dispatcher::dispatch() - CORE\src\Routing\Dispatcher.php, line 87
[main] - ROOT\webroot\index.php, line 37



2016-07-24 17:19:23 Notice: Notice (8): Use of undefined constant REQUEST_URI - assumed 'REQUEST_URI' in [C:\xampp\htdocs\navauto2\src\Template\Products\view.ctp, line 32]
Request URL: /products/view/11
Referer URL: http://navauto2.local/
Client IP: 127.0.0.1
Trace:
Cake\Error\BaseErrorHandler::handleError() - CORE\src\Error\BaseErrorHandler.php, line 146
include - APP/Template\Products\view.ctp, line 32
Cake\View\View::_evaluate() - CORE\src\View\View.php, line 995
Cake\View\View::_render() - CORE\src\View\View.php, line 955
Cake\View\View::render() - CORE\src\View\View.php, line 587
Cake\Controller\Controller::render() - CORE\src\Controller\Controller.php, line 611
Cake\Routing\Dispatcher::_invoke() - CORE\src\Routing\Dispatcher.php, line 120
Cake\Routing\Dispatcher::dispatch() - CORE\src\Routing\Dispatcher.php, line 87
[main] - ROOT\webroot\index.php, line 37



2016-07-24 17:19:28 Notice: Notice (8): Use of undefined constant HTTP_HOST - assumed 'HTTP_HOST' in [C:\xampp\htdocs\navauto2\src\Template\Products\view.ctp, line 32]
Request URL: /products/view/11
Referer URL: http://navauto2.local/
Client IP: 127.0.0.1
Trace:
Cake\Error\BaseErrorHandler::handleError() - CORE\src\Error\BaseErrorHandler.php, line 146
include - APP/Template\Products\view.ctp, line 32
Cake\View\View::_evaluate() - CORE\src\View\View.php, line 995
Cake\View\View::_render() - CORE\src\View\View.php, line 955
Cake\View\View::render() - CORE\src\View\View.php, line 587
Cake\Controller\Controller::render() - CORE\src\Controller\Controller.php, line 611
Cake\Routing\Dispatcher::_invoke() - CORE\src\Routing\Dispatcher.php, line 120
Cake\Routing\Dispatcher::dispatch() - CORE\src\Routing\Dispatcher.php, line 87
[main] - ROOT\webroot\index.php, line 37



2016-07-24 17:19:28 Notice: Notice (8): Use of undefined constant REQUEST_URI - assumed 'REQUEST_URI' in [C:\xampp\htdocs\navauto2\src\Template\Products\view.ctp, line 32]
Request URL: /products/view/11
Referer URL: http://navauto2.local/
Client IP: 127.0.0.1
Trace:
Cake\Error\BaseErrorHandler::handleError() - CORE\src\Error\BaseErrorHandler.php, line 146
include - APP/Template\Products\view.ctp, line 32
Cake\View\View::_evaluate() - CORE\src\View\View.php, line 995
Cake\View\View::_render() - CORE\src\View\View.php, line 955
Cake\View\View::render() - CORE\src\View\View.php, line 587
Cake\Controller\Controller::render() - CORE\src\Controller\Controller.php, line 611
Cake\Routing\Dispatcher::_invoke() - CORE\src\Routing\Dispatcher.php, line 120
Cake\Routing\Dispatcher::dispatch() - CORE\src\Routing\Dispatcher.php, line 87
[main] - ROOT\webroot\index.php, line 37



2016-07-24 17:20:06 Notice: Notice (8): Use of undefined constant HTTP_HOST - assumed 'HTTP_HOST' in [C:\xampp\htdocs\navauto2\src\Template\Products\view.ctp, line 34]
Request URL: /products/view/11
Referer URL: http://navauto2.local/
Client IP: 127.0.0.1
Trace:
Cake\Error\BaseErrorHandler::handleError() - CORE\src\Error\BaseErrorHandler.php, line 146
include - APP/Template\Products\view.ctp, line 34
Cake\View\View::_evaluate() - CORE\src\View\View.php, line 995
Cake\View\View::_render() - CORE\src\View\View.php, line 955
Cake\View\View::render() - CORE\src\View\View.php, line 587
Cake\Controller\Controller::render() - CORE\src\Controller\Controller.php, line 611
Cake\Routing\Dispatcher::_invoke() - CORE\src\Routing\Dispatcher.php, line 120
Cake\Routing\Dispatcher::dispatch() - CORE\src\Routing\Dispatcher.php, line 87
[main] - ROOT\webroot\index.php, line 37



2016-07-24 17:20:06 Notice: Notice (8): Use of undefined constant REQUEST_URI - assumed 'REQUEST_URI' in [C:\xampp\htdocs\navauto2\src\Template\Products\view.ctp, line 34]
Request URL: /products/view/11
Referer URL: http://navauto2.local/
Client IP: 127.0.0.1
Trace:
Cake\Error\BaseErrorHandler::handleError() - CORE\src\Error\BaseErrorHandler.php, line 146
include - APP/Template\Products\view.ctp, line 34
Cake\View\View::_evaluate() - CORE\src\View\View.php, line 995
Cake\View\View::_render() - CORE\src\View\View.php, line 955
Cake\View\View::render() - CORE\src\View\View.php, line 587
Cake\Controller\Controller::render() - CORE\src\Controller\Controller.php, line 611
Cake\Routing\Dispatcher::_invoke() - CORE\src\Routing\Dispatcher.php, line 120
Cake\Routing\Dispatcher::dispatch() - CORE\src\Routing\Dispatcher.php, line 87
[main] - ROOT\webroot\index.php, line 37



2016-07-24 17:20:19 Notice: Notice (8): Use of undefined constant HTTP_HOST - assumed 'HTTP_HOST' in [C:\xampp\htdocs\navauto2\src\Template\Products\view.ctp, line 34]
Request URL: /products/view/11
Referer URL: http://navauto2.local/
Client IP: 127.0.0.1
Trace:
Cake\Error\BaseErrorHandler::handleError() - CORE\src\Error\BaseErrorHandler.php, line 146
include - APP/Template\Products\view.ctp, line 34
Cake\View\View::_evaluate() - CORE\src\View\View.php, line 995
Cake\View\View::_render() - CORE\src\View\View.php, line 955
Cake\View\View::render() - CORE\src\View\View.php, line 587
Cake\Controller\Controller::render() - CORE\src\Controller\Controller.php, line 611
Cake\Routing\Dispatcher::_invoke() - CORE\src\Routing\Dispatcher.php, line 120
Cake\Routing\Dispatcher::dispatch() - CORE\src\Routing\Dispatcher.php, line 87
[main] - ROOT\webroot\index.php, line 37



2016-07-24 17:20:19 Notice: Notice (8): Use of undefined constant REQUEST_URI - assumed 'REQUEST_URI' in [C:\xampp\htdocs\navauto2\src\Template\Products\view.ctp, line 34]
Request URL: /products/view/11
Referer URL: http://navauto2.local/
Client IP: 127.0.0.1
Trace:
Cake\Error\BaseErrorHandler::handleError() - CORE\src\Error\BaseErrorHandler.php, line 146
include - APP/Template\Products\view.ctp, line 34
Cake\View\View::_evaluate() - CORE\src\View\View.php, line 995
Cake\View\View::_render() - CORE\src\View\View.php, line 955
Cake\View\View::render() - CORE\src\View\View.php, line 587
Cake\Controller\Controller::render() - CORE\src\Controller\Controller.php, line 611
Cake\Routing\Dispatcher::_invoke() - CORE\src\Routing\Dispatcher.php, line 120
Cake\Routing\Dispatcher::dispatch() - CORE\src\Routing\Dispatcher.php, line 87
[main] - ROOT\webroot\index.php, line 37



2016-07-24 17:20:48 Notice: Notice (8): Use of undefined constant HTTP_HOST - assumed 'HTTP_HOST' in [C:\xampp\htdocs\navauto2\src\Template\Products\view.ctp, line 36]
Request URL: /products/view/11
Referer URL: http://navauto2.local/
Client IP: 127.0.0.1
Trace:
Cake\Error\BaseErrorHandler::handleError() - CORE\src\Error\BaseErrorHandler.php, line 146
include - APP/Template\Products\view.ctp, line 36
Cake\View\View::_evaluate() - CORE\src\View\View.php, line 995
Cake\View\View::_render() - CORE\src\View\View.php, line 955
Cake\View\View::render() - CORE\src\View\View.php, line 587
Cake\Controller\Controller::render() - CORE\src\Controller\Controller.php, line 611
Cake\Routing\Dispatcher::_invoke() - CORE\src\Routing\Dispatcher.php, line 120
Cake\Routing\Dispatcher::dispatch() - CORE\src\Routing\Dispatcher.php, line 87
[main] - ROOT\webroot\index.php, line 37



2016-07-24 17:20:48 Notice: Notice (8): Use of undefined constant REQUEST_URI - assumed 'REQUEST_URI' in [C:\xampp\htdocs\navauto2\src\Template\Products\view.ctp, line 36]
Request URL: /products/view/11
Referer URL: http://navauto2.local/
Client IP: 127.0.0.1
Trace:
Cake\Error\BaseErrorHandler::handleError() - CORE\src\Error\BaseErrorHandler.php, line 146
include - APP/Template\Products\view.ctp, line 36
Cake\View\View::_evaluate() - CORE\src\View\View.php, line 995
Cake\View\View::_render() - CORE\src\View\View.php, line 955
Cake\View\View::render() - CORE\src\View\View.php, line 587
Cake\Controller\Controller::render() - CORE\src\Controller\Controller.php, line 611
Cake\Routing\Dispatcher::_invoke() - CORE\src\Routing\Dispatcher.php, line 120
Cake\Routing\Dispatcher::dispatch() - CORE\src\Routing\Dispatcher.php, line 87
[main] - ROOT\webroot\index.php, line 37



2016-07-24 17:21:36 Notice: Notice (8): Use of undefined constant HTTP_HOST - assumed 'HTTP_HOST' in [C:\xampp\htdocs\navauto2\src\Template\Products\view.ctp, line 38]
Request URL: /products/view/11
Referer URL: http://navauto2.local/
Client IP: 127.0.0.1
Trace:
Cake\Error\BaseErrorHandler::handleError() - CORE\src\Error\BaseErrorHandler.php, line 146
include - APP/Template\Products\view.ctp, line 38
Cake\View\View::_evaluate() - CORE\src\View\View.php, line 995
Cake\View\View::_render() - CORE\src\View\View.php, line 955
Cake\View\View::render() - CORE\src\View\View.php, line 587
Cake\Controller\Controller::render() - CORE\src\Controller\Controller.php, line 611
Cake\Routing\Dispatcher::_invoke() - CORE\src\Routing\Dispatcher.php, line 120
Cake\Routing\Dispatcher::dispatch() - CORE\src\Routing\Dispatcher.php, line 87
[main] - ROOT\webroot\index.php, line 37



2016-07-24 17:21:36 Notice: Notice (8): Use of undefined constant REQUEST_URI - assumed 'REQUEST_URI' in [C:\xampp\htdocs\navauto2\src\Template\Products\view.ctp, line 38]
Request URL: /products/view/11
Referer URL: http://navauto2.local/
Client IP: 127.0.0.1
Trace:
Cake\Error\BaseErrorHandler::handleError() - CORE\src\Error\BaseErrorHandler.php, line 146
include - APP/Template\Products\view.ctp, line 38
Cake\View\View::_evaluate() - CORE\src\View\View.php, line 995
Cake\View\View::_render() - CORE\src\View\View.php, line 955
Cake\View\View::render() - CORE\src\View\View.php, line 587
Cake\Controller\Controller::render() - CORE\src\Controller\Controller.php, line 611
Cake\Routing\Dispatcher::_invoke() - CORE\src\Routing\Dispatcher.php, line 120
Cake\Routing\Dispatcher::dispatch() - CORE\src\Routing\Dispatcher.php, line 87
[main] - ROOT\webroot\index.php, line 37



2016-07-24 17:21:47 Notice: Notice (8): Use of undefined constant HTTP_HOST - assumed 'HTTP_HOST' in [C:\xampp\htdocs\navauto2\src\Template\Products\view.ctp, line 37]
Request URL: /products/view/11
Referer URL: http://navauto2.local/
Client IP: 127.0.0.1
Trace:
Cake\Error\BaseErrorHandler::handleError() - CORE\src\Error\BaseErrorHandler.php, line 146
include - APP/Template\Products\view.ctp, line 37
Cake\View\View::_evaluate() - CORE\src\View\View.php, line 995
Cake\View\View::_render() - CORE\src\View\View.php, line 955
Cake\View\View::render() - CORE\src\View\View.php, line 587
Cake\Controller\Controller::render() - CORE\src\Controller\Controller.php, line 611
Cake\Routing\Dispatcher::_invoke() - CORE\src\Routing\Dispatcher.php, line 120
Cake\Routing\Dispatcher::dispatch() - CORE\src\Routing\Dispatcher.php, line 87
[main] - ROOT\webroot\index.php, line 37



2016-07-24 17:21:47 Notice: Notice (8): Use of undefined constant REQUEST_URI - assumed 'REQUEST_URI' in [C:\xampp\htdocs\navauto2\src\Template\Products\view.ctp, line 37]
Request URL: /products/view/11
Referer URL: http://navauto2.local/
Client IP: 127.0.0.1
Trace:
Cake\Error\BaseErrorHandler::handleError() - CORE\src\Error\BaseErrorHandler.php, line 146
include - APP/Template\Products\view.ctp, line 37
Cake\View\View::_evaluate() - CORE\src\View\View.php, line 995
Cake\View\View::_render() - CORE\src\View\View.php, line 955
Cake\View\View::render() - CORE\src\View\View.php, line 587
Cake\Controller\Controller::render() - CORE\src\Controller\Controller.php, line 611
Cake\Routing\Dispatcher::_invoke() - CORE\src\Routing\Dispatcher.php, line 120
Cake\Routing\Dispatcher::dispatch() - CORE\src\Routing\Dispatcher.php, line 87
[main] - ROOT\webroot\index.php, line 37



2016-07-24 17:22:15 Notice: Notice (8): Use of undefined constant HTTP_HOST - assumed 'HTTP_HOST' in [C:\xampp\htdocs\navauto2\src\Template\Products\view.ctp, line 37]
Request URL: /products/view/11
Referer URL: http://navauto2.local/
Client IP: 127.0.0.1
Trace:
Cake\Error\BaseErrorHandler::handleError() - CORE\src\Error\BaseErrorHandler.php, line 146
include - APP/Template\Products\view.ctp, line 37
Cake\View\View::_evaluate() - CORE\src\View\View.php, line 995
Cake\View\View::_render() - CORE\src\View\View.php, line 955
Cake\View\View::render() - CORE\src\View\View.php, line 587
Cake\Controller\Controller::render() - CORE\src\Controller\Controller.php, line 611
Cake\Routing\Dispatcher::_invoke() - CORE\src\Routing\Dispatcher.php, line 120
Cake\Routing\Dispatcher::dispatch() - CORE\src\Routing\Dispatcher.php, line 87
[main] - ROOT\webroot\index.php, line 37



2016-07-24 17:22:15 Notice: Notice (8): Use of undefined constant REQUEST_URI - assumed 'REQUEST_URI' in [C:\xampp\htdocs\navauto2\src\Template\Products\view.ctp, line 37]
Request URL: /products/view/11
Referer URL: http://navauto2.local/
Client IP: 127.0.0.1
Trace:
Cake\Error\BaseErrorHandler::handleError() - CORE\src\Error\BaseErrorHandler.php, line 146
include - APP/Template\Products\view.ctp, line 37
Cake\View\View::_evaluate() - CORE\src\View\View.php, line 995
Cake\View\View::_render() - CORE\src\View\View.php, line 955
Cake\View\View::render() - CORE\src\View\View.php, line 587
Cake\Controller\Controller::render() - CORE\src\Controller\Controller.php, line 611
Cake\Routing\Dispatcher::_invoke() - CORE\src\Routing\Dispatcher.php, line 120
Cake\Routing\Dispatcher::dispatch() - CORE\src\Routing\Dispatcher.php, line 87
[main] - ROOT\webroot\index.php, line 37



2016-07-24 17:22:26 Notice: Notice (8): Use of undefined constant HTTP_HOST - assumed 'HTTP_HOST' in [C:\xampp\htdocs\navauto2\src\Template\Products\view.ctp, line 37]
Request URL: /products/view/11
Referer URL: http://navauto2.local/
Client IP: 127.0.0.1
Trace:
Cake\Error\BaseErrorHandler::handleError() - CORE\src\Error\BaseErrorHandler.php, line 146
include - APP/Template\Products\view.ctp, line 37
Cake\View\View::_evaluate() - CORE\src\View\View.php, line 995
Cake\View\View::_render() - CORE\src\View\View.php, line 955
Cake\View\View::render() - CORE\src\View\View.php, line 587
Cake\Controller\Controller::render() - CORE\src\Controller\Controller.php, line 611
Cake\Routing\Dispatcher::_invoke() - CORE\src\Routing\Dispatcher.php, line 120
Cake\Routing\Dispatcher::dispatch() - CORE\src\Routing\Dispatcher.php, line 87
[main] - ROOT\webroot\index.php, line 37



2016-07-24 17:22:26 Notice: Notice (8): Use of undefined constant REQUEST_URI - assumed 'REQUEST_URI' in [C:\xampp\htdocs\navauto2\src\Template\Products\view.ctp, line 37]
Request URL: /products/view/11
Referer URL: http://navauto2.local/
Client IP: 127.0.0.1
Trace:
Cake\Error\BaseErrorHandler::handleError() - CORE\src\Error\BaseErrorHandler.php, line 146
include - APP/Template\Products\view.ctp, line 37
Cake\View\View::_evaluate() - CORE\src\View\View.php, line 995
Cake\View\View::_render() - CORE\src\View\View.php, line 955
Cake\View\View::render() - CORE\src\View\View.php, line 587
Cake\Controller\Controller::render() - CORE\src\Controller\Controller.php, line 611
Cake\Routing\Dispatcher::_invoke() - CORE\src\Routing\Dispatcher.php, line 120
Cake\Routing\Dispatcher::dispatch() - CORE\src\Routing\Dispatcher.php, line 87
[main] - ROOT\webroot\index.php, line 37



2016-07-24 17:22:36 Notice: Notice (8): Use of undefined constant HTTP_HOST - assumed 'HTTP_HOST' in [C:\xampp\htdocs\navauto2\src\Template\Products\view.ctp, line 37]
Request URL: /products/view/11
Referer URL: http://navauto2.local/
Client IP: 127.0.0.1
Trace:
Cake\Error\BaseErrorHandler::handleError() - CORE\src\Error\BaseErrorHandler.php, line 146
include - APP/Template\Products\view.ctp, line 37
Cake\View\View::_evaluate() - CORE\src\View\View.php, line 995
Cake\View\View::_render() - CORE\src\View\View.php, line 955
Cake\View\View::render() - CORE\src\View\View.php, line 587
Cake\Controller\Controller::render() - CORE\src\Controller\Controller.php, line 611
Cake\Routing\Dispatcher::_invoke() - CORE\src\Routing\Dispatcher.php, line 120
Cake\Routing\Dispatcher::dispatch() - CORE\src\Routing\Dispatcher.php, line 87
[main] - ROOT\webroot\index.php, line 37



2016-07-24 17:22:36 Notice: Notice (8): Use of undefined constant REQUEST_URI - assumed 'REQUEST_URI' in [C:\xampp\htdocs\navauto2\src\Template\Products\view.ctp, line 37]
Request URL: /products/view/11
Referer URL: http://navauto2.local/
Client IP: 127.0.0.1
Trace:
Cake\Error\BaseErrorHandler::handleError() - CORE\src\Error\BaseErrorHandler.php, line 146
include - APP/Template\Products\view.ctp, line 37
Cake\View\View::_evaluate() - CORE\src\View\View.php, line 995
Cake\View\View::_render() - CORE\src\View\View.php, line 955
Cake\View\View::render() - CORE\src\View\View.php, line 587
Cake\Controller\Controller::render() - CORE\src\Controller\Controller.php, line 611
Cake\Routing\Dispatcher::_invoke() - CORE\src\Routing\Dispatcher.php, line 120
Cake\Routing\Dispatcher::dispatch() - CORE\src\Routing\Dispatcher.php, line 87
[main] - ROOT\webroot\index.php, line 37



2016-07-24 17:32:12 Notice: Notice (8): Undefined variable: category in [C:\xampp\htdocs\navauto2\src\Template\Products\edit.ctp, line 24]
Request URL: /products/edit/11
Referer URL: http://navauto2.local/users/admin
Client IP: 127.0.0.1
Trace:
Cake\Error\BaseErrorHandler::handleError() - CORE\src\Error\BaseErrorHandler.php, line 146
include - APP/Template\Products\edit.ctp, line 24
Cake\View\View::_evaluate() - CORE\src\View\View.php, line 995
Cake\View\View::_render() - CORE\src\View\View.php, line 955
Cake\View\View::render() - CORE\src\View\View.php, line 587
Cake\Controller\Controller::render() - CORE\src\Controller\Controller.php, line 611
Cake\Routing\Dispatcher::_invoke() - CORE\src\Routing\Dispatcher.php, line 120
Cake\Routing\Dispatcher::dispatch() - CORE\src\Routing\Dispatcher.php, line 87
[main] - ROOT\webroot\index.php, line 37



2016-07-24 17:32:42 Notice: Notice (8): Undefined variable: category in [C:\xampp\htdocs\navauto2\src\Template\Products\edit.ctp, line 24]
Request URL: /products/edit/11
Referer URL: http://navauto2.local/users/admin
Client IP: 127.0.0.1
Trace:
Cake\Error\BaseErrorHandler::handleError() - CORE\src\Error\BaseErrorHandler.php, line 146
include - APP/Template\Products\edit.ctp, line 24
Cake\View\View::_evaluate() - CORE\src\View\View.php, line 995
Cake\View\View::_render() - CORE\src\View\View.php, line 955
Cake\View\View::render() - CORE\src\View\View.php, line 587
Cake\Controller\Controller::render() - CORE\src\Controller\Controller.php, line 611
Cake\Routing\Dispatcher::_invoke() - CORE\src\Routing\Dispatcher.php, line 120
Cake\Routing\Dispatcher::dispatch() - CORE\src\Routing\Dispatcher.php, line 87
[main] - ROOT\webroot\index.php, line 37



2016-07-31 01:57:01 Notice: Strict (2048): Only variables should be passed by reference in [C:\xampp\htdocs\navauto2\src\Controller\ProductsController.php, line 226]
Request URL: /products/save-image-to-product
Referer URL: http://navauto2.local/products/add-image-to-product/10
Client IP: 127.0.0.1
Trace:
Cake\Error\BaseErrorHandler::handleError() - CORE\src\Error\BaseErrorHandler.php, line 146
App\Controller\ProductsController::saveImageToProduct() - APP/Controller\ProductsController.php, line 226
Cake\Controller\Controller::invokeAction() - CORE\src\Controller\Controller.php, line 429
Cake\Routing\Dispatcher::_invoke() - CORE\src\Routing\Dispatcher.php, line 114
Cake\Routing\Dispatcher::dispatch() - CORE\src\Routing\Dispatcher.php, line 87
[main] - ROOT\webroot\index.php, line 37



2016-07-31 01:57:40 Notice: Strict (2048): Only variables should be passed by reference in [C:\xampp\htdocs\navauto2\src\Controller\ProductsController.php, line 226]
Request URL: /products/save-image-to-product
Referer URL: http://navauto2.local/products/add-image-to-product/10
Client IP: 127.0.0.1
Trace:
Cake\Error\BaseErrorHandler::handleError() - CORE\src\Error\BaseErrorHandler.php, line 146
App\Controller\ProductsController::saveImageToProduct() - APP/Controller\ProductsController.php, line 226
Cake\Controller\Controller::invokeAction() - CORE\src\Controller\Controller.php, line 429
Cake\Routing\Dispatcher::_invoke() - CORE\src\Routing\Dispatcher.php, line 114
Cake\Routing\Dispatcher::dispatch() - CORE\src\Routing\Dispatcher.php, line 87
[main] - ROOT\webroot\index.php, line 37



2016-07-31 01:59:11 Notice: Strict (2048): Only variables should be passed by reference in [C:\xampp\htdocs\navauto2\src\Controller\ProductsController.php, line 227]
Request URL: /products/save-image-to-product
Referer URL: http://navauto2.local/products/add-image-to-product/10
Client IP: 127.0.0.1
Trace:
Cake\Error\BaseErrorHandler::handleError() - CORE\src\Error\BaseErrorHandler.php, line 146
App\Controller\ProductsController::saveImageToProduct() - APP/Controller\ProductsController.php, line 227
Cake\Controller\Controller::invokeAction() - CORE\src\Controller\Controller.php, line 429
Cake\Routing\Dispatcher::_invoke() - CORE\src\Routing\Dispatcher.php, line 114
Cake\Routing\Dispatcher::dispatch() - CORE\src\Routing\Dispatcher.php, line 87
[main] - ROOT\webroot\index.php, line 37



2016-08-07 23:44:51 Notice: Notice (8): Undefined variable: contacts in [C:\xampp\htdocs\navauto2\src\Template\Layout\default.ctp, line 139]
Request URL: /users/login
Referer URL: http://navauto2.local/products
Client IP: 127.0.0.1
Trace:
Cake\Error\BaseErrorHandler::handleError() - CORE\src\Error\BaseErrorHandler.php, line 146
include - APP/Template\Layout\default.ctp, line 139
Cake\View\View::_evaluate() - CORE\src\View\View.php, line 995
Cake\View\View::_render() - CORE\src\View\View.php, line 955
Cake\View\View::renderLayout() - CORE\src\View\View.php, line 633
Cake\View\View::render() - CORE\src\View\View.php, line 592
Cake\Controller\Controller::render() - CORE\src\Controller\Controller.php, line 611
Cake\Routing\Dispatcher::_invoke() - CORE\src\Routing\Dispatcher.php, line 120
Cake\Routing\Dispatcher::dispatch() - CORE\src\Routing\Dispatcher.php, line 87
[main] - ROOT\webroot\index.php, line 37



